<?xml version="1.0" encoding="UTF-8"?>
<!-- Generated by org.testng.reporters.JUnitReportReporter -->
<testsuite hostname="DESKTOP-OV9R0VP" failures="0" tests="1" name="TestNgFashion.Ajio" time="11.477" errors="0" timestamp="2024-05-19T18:59:28 IST" skipped="0">
  <testcase classname="TestNgFashion.Ajio" name="ajio" time="11.477"/>
</testsuite> <!-- TestNgFashion.Ajio -->
