<?xml version="1.0" encoding="UTF-8"?>
<!-- Generated by org.testng.reporters.JUnitReportReporter -->
<testsuite hostname="DESKTOP-OV9R0VP" failures="0" tests="5" name="Basic.HelperMethod" time="80.891" errors="0" timestamp="2024-05-21T10:04:57 IST" skipped="1">
  <testcase classname="Basic.HelperMethod" name="mumbai" time="14.354"/>
  <testcase classname="Basic.HelperMethod" name="royalchallenge" time="24.489"/>
  <testcase classname="Basic.HelperMethod" name="royalchallenge" time="36.310"/>
  <testcase classname="Basic.HelperMethod" name="demo" time="5.738"/>
  <testcase classname="Basic.HelperMethod" name="csk">
    <skipped/>
  </testcase> <!-- csk -->
</testsuite> <!-- Basic.HelperMethod -->
