<?xml version="1.0" encoding="UTF-8"?>
<!-- Generated by org.testng.reporters.JUnitReportReporter -->
<testsuite hostname="DESKTOP-OV9R0VP" failures="0" tests="1" name="TestNgTravel.AbhiBus" time="7.036" errors="0" timestamp="2024-05-18T10:06:31 IST" skipped="0">
  <testcase classname="TestNgTravel.AbhiBus" name="abhibus" time="7.036"/>
</testsuite> <!-- TestNgTravel.AbhiBus -->
