<?xml version="1.0" encoding="UTF-8"?>
<!-- Generated by org.testng.reporters.JUnitReportReporter -->
<testsuite hostname="DESKTOP-OV9R0VP" failures="0" tests="1" name="Basic.LaunchExecution2" time="7.164" errors="0" timestamp="2024-05-09T13:33:09 IST" skipped="0">
  <testcase classname="Basic.LaunchExecution2" name="Rolex" time="7.164"/>
</testsuite> <!-- Basic.LaunchExecution2 -->
