<?xml version="1.0" encoding="UTF-8"?>
<!-- Generated by org.testng.reporters.JUnitReportReporter -->
<testsuite hostname="DESKTOP-OV9R0VP" failures="0" tests="1" name="Basic.ChronologicalOrder" time="0.016" errors="0" timestamp="2024-05-10T16:20:58 IST" skipped="0">
  <testcase classname="Basic.ChronologicalOrder" name="testCase" time="0.016"/>
</testsuite> <!-- Basic.ChronologicalOrder -->
