<?xml version="1.0" encoding="UTF-8"?>
<!-- Generated by org.testng.reporters.JUnitReportReporter -->
<testsuite hostname="DESKTOP-OV9R0VP" failures="0" tests="1" name="TestNgFashion.DemoWebShop" time="5.386" errors="0" timestamp="2024-05-19T18:59:28 IST" skipped="0">
  <testcase classname="TestNgFashion.DemoWebShop" name="dws" time="5.386"/>
</testsuite> <!-- TestNgFashion.DemoWebShop -->
