<?xml version="1.0" encoding="UTF-8"?>
<!-- Generated by org.testng.reporters.JUnitReportReporter -->
<testsuite hostname="DESKTOP-OV9R0VP" failures="0" tests="1" name="Assertion.AssertEqual" time="8.266" errors="0" timestamp="2024-05-21T11:11:11 IST" skipped="0">
  <testcase classname="Assertion.AssertEqual" name="hardAssert" time="8.266"/>
</testsuite> <!-- Assertion.AssertEqual -->
