<?xml version="1.0" encoding="UTF-8"?>
<!-- Generated by org.testng.reporters.JUnitReportReporter -->
<testsuite hostname="DESKTOP-OV9R0VP" failures="0" tests="1" name="Extent_Report.SampleReport" time="2.454" errors="0" timestamp="2024-05-31T10:05:51 IST" skipped="0">
  <testcase classname="Extent_Report.SampleReport" name="launchTheReport" time="2.454"/>
</testsuite> <!-- Extent_Report.SampleReport -->
