<?xml version="1.0" encoding="UTF-8"?>
<!-- Generated by org.testng.reporters.JUnitReportReporter -->
<testsuite hostname="DESKTOP-OV9R0VP" failures="0" tests="1" name="TestNgTravel.MakeMyTrip" time="4.965" errors="0" timestamp="2024-05-18T10:06:32 IST" skipped="0">
  <testcase classname="TestNgTravel.MakeMyTrip" name="makemytrip" time="4.965"/>
</testsuite> <!-- TestNgTravel.MakeMyTrip -->
