<?xml version="1.0" encoding="UTF-8"?>
<!-- Generated by org.testng.reporters.JUnitReportReporter -->
<testsuite hostname="DESKTOP-OV9R0VP" failures="0" tests="4" name="Basic.LaunchExecution" time="72.745" errors="0" timestamp="2024-05-09T13:08:20 IST" skipped="0">
  <testcase classname="Basic.LaunchExecution" name="royalchallengers" time="20.202"/>
  <testcase classname="Basic.LaunchExecution" name="mumbai" time="13.561"/>
  <testcase classname="Basic.LaunchExecution" name="demo" time="7.229"/>
  <testcase classname="Basic.LaunchExecution" name="csk" time="31.753"/>
</testsuite> <!-- Basic.LaunchExecution -->
