<?xml version="1.0" encoding="UTF-8"?>
<!-- Generated by org.testng.reporters.JUnitReportReporter -->
<testsuite hostname="DESKTOP-OV9R0VP" failures="0" tests="1" name="Assertion.AsserSoft" time="22.965" errors="0" timestamp="2024-05-22T11:00:13 IST" skipped="0">
  <testcase classname="Assertion.AsserSoft" name="assertmethod" time="22.965"/>
</testsuite> <!-- Assertion.AsserSoft -->
